<?xml version="1.0" encoding="UTF-8"?>
<testsuite name="pom.test.AmazonLoginTest" tests="1" skipped="0" failures="0" errors="0" timestamp="2022-05-02T15:41:54" hostname="DESKTOP-V241QNB" time="90.064">
  <properties/>
  <testcase name="Login" classname="pom.test.AmazonLoginTest" time="90.064"/>
  <system-out><![CDATA[]]></system-out>
  <system-err><![CDATA[Starting ChromeDriver 100.0.4896.60 (6a5d10861ce8de5fce22564658033b43cb7de047-refs/branch-heads/4896@{#875}) on port 58126
Only local connections are allowed.
Please see https://chromedriver.chromium.org/security-considerations for suggestions on keeping ChromeDriver safe.
ChromeDriver was started successfully.
May 02, 2022 9:11:59 PM org.openqa.selenium.remote.ProtocolHandshake createSession
INFO: Detected dialect: W3C
May 02, 2022 9:11:59 PM org.openqa.selenium.devtools.CdpVersionFinder findNearestMatch
WARNING: Unable to find an exact match for CDP version 100, so returning the closest version found: 99
May 02, 2022 9:11:59 PM org.openqa.selenium.devtools.CdpVersionFinder findNearestMatch
INFO: Found CDP implementation for version 100 of 99
]]></system-err>
</testsuite>
