<?xml version="1.0" encoding="UTF-8"?>
<testsuite name="sample.log4j.test.LoggerTest" tests="1" skipped="0" failures="0" errors="0" timestamp="2022-04-27T04:00:13" hostname="DESKTOP-V241QNB" time="0.011">
  <properties/>
  <testcase name="logTest_1" classname="sample.log4j.test.LoggerTest" time="0.011"/>
  <system-out><![CDATA[09:30:13.890 [Test worker] ERROR sample.log4j.test.LoggerTest - error
09:30:13.893 [Test worker] FATAL sample.log4j.test.LoggerTest - fatal
]]></system-out>
  <system-err><![CDATA[]]></system-err>
</testsuite>
